[debug] ----------------------------------------------------------------------
[debug] Command:      /usr/local/bin/node /usr/local/bin/firebase deploy
[debug] CLI Version:  3.2.0
[debug] Platform:     darwin
[debug] Node Version: v6.9.1
[debug] Time:         Sun Jan 29 2017 07:58:43 GMT+0000 (GMT)
[debug] ----------------------------------------------------------------------
[debug] 
[debug] > command requires scopes: ["email","openid","https://www.googleapis.com/auth/cloudplatformprojects.readonly","https://www.googleapis.com/auth/firebase"]
[debug] >>> HTTP REQUEST GET https://admin.firebase.com/v1/projects/tpv-coffee-project-team-app 
[debug] <<< HTTP RESPONSE 200
[debug] >>> HTTP REQUEST GET https://admin.firebase.com/v1/database/tpv-coffee-project-team-app/tokens 
[debug] <<< HTTP RESPONSE 200
[info] 
[info] === Deploying to 'tpv-coffee-project-team-app'...
[info] 
[info] i  deploying database, hosting
[info] ✔  database: rules ready to deploy.
[info] i  hosting: preparing dist directory for upload...
[debug] >>> HTTP REQUEST PUT https://deploy.firebase.com/v1/hosting/tpv-coffee-project-team-app/uploads/-KbdDwXdgKXxcFi4OtQz?fileCount=68&message= 
